<?xml version="1.0" encoding="UTF-8"?>
<!-- Generated by org.testng.reporters.JUnitXMLReporter -->
<testsuite ignored="0" hostname="DESKTOP-HEM8FQG" failures="0" tests="2" name="Default test" time="0.16" errors="0" timestamp="2023-07-11T13:05:04 IST">
  <testcase classname="Test.ValidationClass" name="@BeforeTest openBrowser" time="-1.689060903917E9">
    <failure type="org.testng.TestNGException" message="
Parameter &amp;apos;browser&amp;apos; is required by BeforeTest on method openBrowser but has not been marked @Optional or defined
in C:\Users\Hp\AppData\Local\Temp\testng-eclipse-1981594119\testng-customsuite.xml">
      <![CDATA[org.testng.TestNGException: 
Parameter 'browser' is required by BeforeTest on method openBrowser but has not been marked @Optional or defined
in C:\Users\Hp\AppData\Local\Temp\testng-eclipse-1981594119\testng-customsuite.xml
at org.testng.internal.Parameters.createParams(Parameters.java:270)
at org.testng.internal.Parameters.createParametersForMethod(Parameters.java:358)
at org.testng.internal.Parameters.createParameters(Parameters.java:700)
at org.testng.internal.Parameters.createConfigurationParameters(Parameters.java:168)
at org.testng.internal.ConfigInvoker.invokeConfigurations(ConfigInvoker.java:302)
at org.testng.TestRunner.invokeTestConfigurations(TestRunner.java:637)
at org.testng.TestRunner.beforeRun(TestRunner.java:627)
at org.testng.TestRunner.run(TestRunner.java:589)
at org.testng.SuiteRunner.runTest(SuiteRunner.java:377)
at org.testng.SuiteRunner.runSequentially(SuiteRunner.java:371)
at org.testng.SuiteRunner.privateRun(SuiteRunner.java:332)
at org.testng.SuiteRunner.run(SuiteRunner.java:276)
at org.testng.SuiteRunnerWorker.runSuite(SuiteRunnerWorker.java:53)
at org.testng.SuiteRunnerWorker.run(SuiteRunnerWorker.java:96)
at org.testng.TestNG.runSuitesSequentially(TestNG.java:1212)
at org.testng.TestNG.runSuitesLocally(TestNG.java:1134)
at org.testng.TestNG.runSuites(TestNG.java:1063)
at org.testng.TestNG.run(TestNG.java:1031)
at org.testng.remote.AbstractRemoteTestNG.run(AbstractRemoteTestNG.java:115)
at org.testng.remote.RemoteTestNG.initAndRun(RemoteTestNG.java:251)
at org.testng.remote.RemoteTestNG.main(RemoteTestNG.java:77)
]]>
    </failure>
  </testcase> <!-- @BeforeTest openBrowser -->
  <testcase classname="Test.ValidationClass" name="@BeforeClass beforeclass" time="-1.689060903981E9">
    <skipped/>
  </testcase> <!-- @BeforeClass beforeclass -->
  <testcase classname="Test.ValidationClass" name="@BeforeMethod beforemethod" time="-1.689060904016E9">
    <skipped/>
  </testcase> <!-- @BeforeMethod beforemethod -->
  <testcase classname="Test.ValidationClass" name="@AfterMethod aftermethod" time="-1.689060904031E9">
    <skipped/>
  </testcase> <!-- @AfterMethod aftermethod -->
  <testcase classname="Test.ValidationClass" name="@BeforeMethod beforemethod" time="-1.689060904035E9">
    <skipped/>
  </testcase> <!-- @BeforeMethod beforemethod -->
  <testcase classname="Test.ValidationClass" name="@AfterMethod aftermethod" time="-1.689060904046E9">
    <skipped/>
  </testcase> <!-- @AfterMethod aftermethod -->
  <testcase classname="Test.ValidationClass" name="@AfterClass afterclass" time="-1.689060904049E9">
    <skipped/>
  </testcase> <!-- @AfterClass afterclass -->
  <testcase classname="Test.ValidationClass" name="@AfterTest aftertest" time="-1.689060904055E9">
    <skipped/>
  </testcase> <!-- @AfterTest aftertest -->
  <testcase classname="Test.ValidationClass" name="To_verify_the_ProgressPage" time="0.0">
    <skipped/>
  </testcase> <!-- To_verify_the_ProgressPage -->
  <testcase classname="Test.ValidationClass" name="To_verify_the_TeacherPage" time="0.0">
    <skipped/>
  </testcase> <!-- To_verify_the_TeacherPage -->
</testsuite> <!-- Default test -->
